d:\c++ projects\space-shooter-cpp\game\game\x64\debug\vc143.pdb
d:\c++ projects\space-shooter-cpp\game\game\x64\debug\vc143.idb
d:\c++ projects\space-shooter-cpp\game\game\x64\debug\vector2.obj
d:\c++ projects\space-shooter-cpp\game\game\x64\debug\transform.obj
d:\c++ projects\space-shooter-cpp\game\game\x64\debug\enginetime.obj
d:\c++ projects\space-shooter-cpp\game\game\x64\debug\texturemanager.obj
d:\c++ projects\space-shooter-cpp\game\game\x64\debug\ship.obj
d:\c++ projects\space-shooter-cpp\game\game\x64\debug\gameobject.obj
d:\c++ projects\space-shooter-cpp\game\game\x64\debug\gamemanager.obj
d:\c++ projects\space-shooter-cpp\game\game\x64\debug\game.obj
d:\c++ projects\space-shooter-cpp\game\game\x64\debug\engine.obj
d:\c++ projects\space-shooter-cpp\game\game\x64\debug\background.obj
d:\c++ projects\space-shooter-cpp\game\game\x64\debug\asteroids.obj
d:\c++ projects\space-shooter-cpp\game\game\x64\debug\inputsystem.obj
d:\c++ projects\space-shooter-cpp\game\x64\debug\game.exe
d:\c++ projects\space-shooter-cpp\game\game\x64\debug\game.ilk
d:\c++ projects\space-shooter-cpp\game\x64\debug\game.pdb
d:\c++ projects\space-shooter-cpp\game\game\x64\debug\circle.obj
d:\c++ projects\space-shooter-cpp\game\game\x64\debug\time.obj
d:\c++ projects\space-shooter-cpp\game\game\x64\debug\game.tlog\cl.command.1.tlog
d:\c++ projects\space-shooter-cpp\game\game\x64\debug\game.tlog\cl.read.1.tlog
d:\c++ projects\space-shooter-cpp\game\game\x64\debug\game.tlog\cl.write.1.tlog
d:\c++ projects\space-shooter-cpp\game\game\x64\debug\game.tlog\link-cvtres.read.1.tlog
d:\c++ projects\space-shooter-cpp\game\game\x64\debug\game.tlog\link-cvtres.write.1.tlog
d:\c++ projects\space-shooter-cpp\game\game\x64\debug\game.tlog\link-rc.read.1.tlog
d:\c++ projects\space-shooter-cpp\game\game\x64\debug\game.tlog\link-rc.write.1.tlog
d:\c++ projects\space-shooter-cpp\game\game\x64\debug\game.tlog\link.20160-cvtres.read.1.tlog
d:\c++ projects\space-shooter-cpp\game\game\x64\debug\game.tlog\link.20160-cvtres.write.1.tlog
d:\c++ projects\space-shooter-cpp\game\game\x64\debug\game.tlog\link.20160-rc.read.1.tlog
d:\c++ projects\space-shooter-cpp\game\game\x64\debug\game.tlog\link.20160-rc.write.1.tlog
d:\c++ projects\space-shooter-cpp\game\game\x64\debug\game.tlog\link.20160.read.1.tlog
d:\c++ projects\space-shooter-cpp\game\game\x64\debug\game.tlog\link.20160.read.2.tlog
d:\c++ projects\space-shooter-cpp\game\game\x64\debug\game.tlog\link.20160.write.1.tlog
d:\c++ projects\space-shooter-cpp\game\game\x64\debug\game.tlog\link.command.1.tlog
d:\c++ projects\space-shooter-cpp\game\game\x64\debug\game.tlog\link.read.1.tlog
d:\c++ projects\space-shooter-cpp\game\game\x64\debug\game.tlog\link.read.2.tlog
d:\c++ projects\space-shooter-cpp\game\game\x64\debug\game.tlog\link.write.1.tlog
